pacman -S xorg-server
pacman -S xf86-video-intel
pacman -S kdebase-workspace
pacman -S kde-wallpapers
systemctl enable kdm.service
pacman -S zsh
useradd -m -G wheel -s /bin/zsh phil
pacman -S sudo
pacman -S emacs
# uncomment %wheel ALL=(ALL) ALL in visudo / /etc/sudoers
pacman -S git
pacman -S cmake
pacman -S gcc
pacman -S clang
pacman -S ipython ipython2
pacman -S openssh
systemctl enable sshd
systemctl start sshd
pacman -S chromium
pacman -S xf86-input-synaptics
pacman -S make
pacman -S base-devel
pacman -S gstreamer
pacman -S gst-plugins-base gst-plugins-good
pacman -S kdemultimedia-kmix
pacman -S pulseaudio
pacman -S alsa-utils
pacman -S cmus
pacman -S wget
pacman -S tmux
pacman -S lsof
pacman -S texlive-most texlive-lang
pacman -S acpi
pacman -S ntp
pacman -S kdegraphics-okular
pacman -S mlocate
